* Starting client
* Connecting to master process on port 3023
* Analyzing classpath: 
  - C:\Users\babiz\Desktop\Tutorial_Maven\target\test-classes
  - C:\Users\babiz\Desktop\Tutorial_Maven\target\classes
  - C:\Users\babiz\.m2\repository\junit\junit\4.12\junit-4.12.jar
  - C:\Users\babiz\.m2\repository\org\hamcrest\hamcrest-core\1.3\hamcrest-core-1.3.jar
* Finished analyzing classpath
* Generating tests for class tutorial.Stack
* Test criteria:
  - Line Coverage
  - Branch Coverage
  - Exception
  - Mutation testing (weak)
  - Method-Output Coverage
  - Top-Level Method Coverage
  - No-Exception Top-Level Method Coverage
  - Context Branch Coverage
* Setting up search algorithm for whole suite generation
[MASTER] 09:53:16.431 [pool-2-thread-1] WARN  TestSuiteSerialization - Cannot load tests because file does not exist: C:\Users\babiz\Desktop\Tutorial_Maven\.evosuite\evosuite-seeds\tutorial.Stack.seed
* Total number of test goals: 
  - Line 11
  - Branch 7
  - Exception 0
  - MutationFactory 52
  - Output 4
  - Method 4
  - MethodNoException 4
  - CBranchFitnessFactory 7
* Using seed 1496926393391
* Starting evolution
* Search finished after 66s and 935 generations, 275978 statements, best individual has fitness: 1.8333333333333333
* Writing sequences to pool
* Minimizing test suite
* Going to analyze the coverage criteria
* Coverage analysis for criterion LINE
* Coverage of criterion LINE: 100%
* Total number of goals: 11
* Number of covered goals: 11
* Coverage analysis for criterion BRANCH
* Coverage of criterion BRANCH: 100%
* Total number of goals: 7
* Number of covered goals: 7
* Coverage analysis for criterion EXCEPTION
* Coverage of criterion EXCEPTION: 100%
* Total number of goals: 2
* Number of covered goals: 2
* Coverage analysis for criterion WEAKMUTATION
* Coverage of criterion WEAKMUTATION: 94%
* Total number of goals: 52
* Number of covered goals: 49
* Coverage analysis for criterion OUTPUT
* Coverage of criterion OUTPUT: 100%
* Total number of goals: 4
* Number of covered goals: 4
* Coverage analysis for criterion METHOD
* Coverage of criterion METHOD: 100%
* Total number of goals: 4
* Number of covered goals: 4
* Coverage analysis for criterion METHODNOEXCEPTION
* Coverage of criterion METHODNOEXCEPTION: 100%
* Total number of goals: 4
* Number of covered goals: 4
* Coverage analysis for criterion CBRANCH
* Coverage of criterion CBRANCH: 100%
* Total number of goals: 7
* Number of covered goals: 7
* Generated 6 tests with total length 27
* Resulting test suite's coverage: 99% (average coverage for all fitness functions)
* Generating assertions
* Resulting test suite's mutation score: 63%
* Compiling and checking tests
* Writing JUnit test case 'Stack_ESTest' to C:\Users\babiz\Desktop\Tutorial_Maven\.evosuite\tmp_2017_06_08_09_51_11\tests
* Done!

