* Starting client
* Connecting to master process on port 9159
* Analyzing classpath: 
  - C:\Users\babiz\Desktop\Tutorial_Maven\target\test-classes
  - C:\Users\babiz\Desktop\Tutorial_Maven\target\classes
  - C:\Users\babiz\.m2\repository\junit\junit\4.12\junit-4.12.jar
  - C:\Users\babiz\.m2\repository\org\hamcrest\hamcrest-core\1.3\hamcrest-core-1.3.jar
* Finished analyzing classpath
* Generating tests for class tutorial.LinkedList
* Test criteria:
  - Line Coverage
  - Branch Coverage
  - Exception
  - Mutation testing (weak)
  - Method-Output Coverage
  - Top-Level Method Coverage
  - No-Exception Top-Level Method Coverage
  - Context Branch Coverage
* Setting up search algorithm for whole suite generation
[MASTER] 09:51:18.281 [pool-2-thread-1] WARN  TestSuiteSerialization - Cannot load tests because file does not exist: C:\Users\babiz\Desktop\Tutorial_Maven\.evosuite\evosuite-seeds\tutorial.LinkedList.seed
* Total number of test goals: 
  - Line 20
  - Branch 14
  - Exception 0
  - MutationFactory 21
  - Output 8
  - Method 6
  - MethodNoException 6
  - CBranchFitnessFactory 14
* Using seed 1496926274740
* Starting evolution
* Search finished after 101s and 1588 generations, 271281 statements, best individual has fitness: 1.3333333333333333
* Writing sequences to pool
* Minimizing test suite
* Going to analyze the coverage criteria
* Coverage analysis for criterion LINE
* Coverage of criterion LINE: 100%
* Total number of goals: 20
* Number of covered goals: 20
* Coverage analysis for criterion BRANCH
* Coverage of criterion BRANCH: 100%
* Total number of goals: 14
* Number of covered goals: 14
* Coverage analysis for criterion EXCEPTION
* Coverage of criterion EXCEPTION: 100%
* Total number of goals: 2
* Number of covered goals: 2
* Coverage analysis for criterion WEAKMUTATION
* Coverage of criterion WEAKMUTATION: 100%
* Total number of goals: 21
* Number of covered goals: 21
* Coverage analysis for criterion OUTPUT
* Coverage of criterion OUTPUT: 88%
* Total number of goals: 8
* Number of covered goals: 7
* Coverage analysis for criterion METHOD
* Coverage of criterion METHOD: 100%
* Total number of goals: 6
* Number of covered goals: 6
* Coverage analysis for criterion METHODNOEXCEPTION
* Coverage of criterion METHODNOEXCEPTION: 100%
* Total number of goals: 6
* Number of covered goals: 6
* Coverage analysis for criterion CBRANCH
* Coverage of criterion CBRANCH: 100%
* Total number of goals: 14
* Number of covered goals: 14
* Generated 10 tests with total length 30
* Resulting test suite's coverage: 98% (average coverage for all fitness functions)
* Generating assertions
* Resulting test suite's mutation score: 52%
* Compiling and checking tests
* Writing JUnit test case 'LinkedList_ESTest' to C:\Users\babiz\Desktop\Tutorial_Maven\.evosuite\tmp_2017_06_08_09_51_11\tests
* Done!

